<?xml version="1.0" encoding="UTF-8" ?>
<testsuites>
  <testsuite errors="0" failures="0" hostname="left" id="0" name="IterativeBinarySearcherTest" package="com.peter.left.interview.dataStructure.binarySearch" skipped="0" tests="8" time="0.116" timestamp="2014-09-02T22:58:04">
      <properties>
[...]
</properties>

      <testcase classname="com.peter.left.interview.dataStructure.binarySearch.IterativeBinarySearcherTest" name="searchElementLargerThanAllElements_itShould_returnNegativeOne" time="0.01" />

      <testcase classname="com.peter.left.interview.dataStructure.binarySearch.IterativeBinarySearcherTest" name="searchElementInEmptyArray_itShould_returnNegativeOne" time="0.0" />

      <testcase classname="com.peter.left.interview.dataStructure.binarySearch.IterativeBinarySearcherTest" name="searchAllElements_itShould_returnCorrectIndex" time="0.001" />

      <testcase classname="com.peter.left.interview.dataStructure.binarySearch.IterativeBinarySearcherTest" name="searchLastElement_itShould_returnCorrectIndex" time="0.0" />

      <testcase classname="com.peter.left.interview.dataStructure.binarySearch.IterativeBinarySearcherTest" name="searchMiddleElement_itShould_returnCorrectIndex" time="0.0" />

      <testcase classname="com.peter.left.interview.dataStructure.binarySearch.IterativeBinarySearcherTest" name="searchElementLessThanAllElements_itShould_returnNegativeOne" time="0.0" />

      <testcase classname="com.peter.left.interview.dataStructure.binarySearch.IterativeBinarySearcherTest" name="searchFirstElement_itShould_return0" time="0.001" />

      <testcase classname="com.peter.left.interview.dataStructure.binarySearch.IterativeBinarySearcherTest" name="searchElementMiddleInAllElements_itShould_returnNegativeOne" time="0.001" />

      <system-out />

      <system-err />

  </testsuite>
  <testsuite errors="0" failures="0" hostname="left" id="1" name="RecursionBinarySearcherTest" package="com.peter.left.interview.dataStructure.binarySearch" skipped="0" tests="8" time="0.133" timestamp="2014-09-02T22:58:05">
      <properties>
[...]
</properties>

      <testcase classname="com.peter.left.interview.dataStructure.binarySearch.RecursionBinarySearcherTest" name="searchElementLargerThanAllElements_itShould_returnNegativeOne" time="0.009" />

      <testcase classname="com.peter.left.interview.dataStructure.binarySearch.RecursionBinarySearcherTest" name="searchElementInEmptyArray_itShould_returnNegativeOne" time="0.0" />

      <testcase classname="com.peter.left.interview.dataStructure.binarySearch.RecursionBinarySearcherTest" name="searchAllElements_itShould_returnCorrectIndex" time="0.0" />

      <testcase classname="com.peter.left.interview.dataStructure.binarySearch.RecursionBinarySearcherTest" name="searchLastElement_itShould_returnCorrectIndex" time="0.0" />

      <testcase classname="com.peter.left.interview.dataStructure.binarySearch.RecursionBinarySearcherTest" name="searchMiddleElement_itShould_returnCorrectIndex" time="0.0" />

      <testcase classname="com.peter.left.interview.dataStructure.binarySearch.RecursionBinarySearcherTest" name="searchElementLessThanAllElements_itShould_returnNegativeOne" time="0.0" />

      <testcase classname="com.peter.left.interview.dataStructure.binarySearch.RecursionBinarySearcherTest" name="searchFirstElement_itShould_return0" time="0.0" />

      <testcase classname="com.peter.left.interview.dataStructure.binarySearch.RecursionBinarySearcherTest" name="searchElementMiddleInAllElements_itShould_returnNegativeOne" time="0.0" />

      <system-out />

      <system-err />

  </testsuite>
  <testsuite errors="0" failures="0" hostname="left" id="2" name="ArrayHeapTest" package="com.peter.left.interview.dataStructure.heap" skipped="0" tests="18" time="0.156" timestamp="2014-09-02T22:58:06">
      <properties>
[...]
</properties>

      <testcase classname="com.peter.left.interview.dataStructure.heap.ArrayHeapTest" name="emptyHeap_iteratorShould_hasNoNext" time="0.01" />

      <testcase classname="com.peter.left.interview.dataStructure.heap.ArrayHeapTest" name="ascendantElementsHeap_peakShould_returnMinElement" time="0.001" />

      <testcase classname="com.peter.left.interview.dataStructure.heap.ArrayHeapTest" name="descendantThenAscendantElementsHeap_peakShould_returnMinElement" time="0.0" />

      <testcase classname="com.peter.left.interview.dataStructure.heap.ArrayHeapTest" name="singletonHeap_isEmptyShould_returnTrue" time="0.0" />

      <testcase classname="com.peter.left.interview.dataStructure.heap.ArrayHeapTest" name="multipleOnePushThenOnePop_itShould_actAsExpected" time="0.006" />

      <testcase classname="com.peter.left.interview.dataStructure.heap.ArrayHeapTest" name="emptyHeap_peakShould_fail" time="0.006" />

      <testcase classname="com.peter.left.interview.dataStructure.heap.ArrayHeapTest" name="multipleTwoPushThenTwoPop_itShould_actAsExpected" time="0.0" />

      <testcase classname="com.peter.left.interview.dataStructure.heap.ArrayHeapTest" name="multiplePush_itShould_haveMultipleElements" time="0.0" />

      <testcase classname="com.peter.left.interview.dataStructure.heap.ArrayHeapTest" name="multipleElementsHeap_isEmptyShould_returnTrue" time="0.0" />

      <testcase classname="com.peter.left.interview.dataStructure.heap.ArrayHeapTest" name="descendantElementsHeap_peakShould_returnMinElement" time="0.0" />

      <testcase classname="com.peter.left.interview.dataStructure.heap.ArrayHeapTest" name="singletonHeap_peakShould_returnThisElement" time="0.0" />

      <testcase classname="com.peter.left.interview.dataStructure.heap.ArrayHeapTest" name="multipleElementsHeap_iteratorShould_hasNext" time="0.0" />

      <testcase classname="com.peter.left.interview.dataStructure.heap.ArrayHeapTest" name="multiplePopAfterPush_itShould_actAsExpected" time="0.0" />

      <testcase classname="com.peter.left.interview.dataStructure.heap.ArrayHeapTest" name="multipleElementsHeap_iteratorShould_actAsExpected" time="0.002" />

      <testcase classname="com.peter.left.interview.dataStructure.heap.ArrayHeapTest" name="emptyHeap_isEmptyShould_returnTrue" time="0.0" />

      <testcase classname="com.peter.left.interview.dataStructure.heap.ArrayHeapTest" name="singlePush_itShould_haveSingleElement" time="0.001" />

      <testcase classname="com.peter.left.interview.dataStructure.heap.ArrayHeapTest" name="singletonHeap_iteratorShould_hasNext" time="0.0" />

      <testcase classname="com.peter.left.interview.dataStructure.heap.ArrayHeapTest" name="multipleTwoPushThenOnePop_itShould_actAsExpected" time="0.001" />

      <system-out />

      <system-err />

  </testsuite>
  <testsuite errors="0" failures="0" hostname="left" id="3" name="ArrayListTest" package="com.peter.left.interview.dataStructure.list" skipped="0" tests="26" time="0.235" timestamp="2014-09-02T22:58:06">
      <properties>
[...]
</properties>

      <testcase classname="com.peter.left.interview.dataStructure.list.ArrayListTest" name="setElementAfterListTail_itShould_Fail" time="0.017" />

      <testcase classname="com.peter.left.interview.dataStructure.list.ArrayListTest" name="iteratorRemoveHeadElements_itShould_getExceptedList" time="0.006" />

      <testcase classname="com.peter.left.interview.dataStructure.list.ArrayListTest" name="iteratorNextAtTail_itShould_Fail" time="0.001" />

      <testcase classname="com.peter.left.interview.dataStructure.list.ArrayListTest" name="getElementAfterListTail_itShould_Fail" time="0.001" />

      <testcase classname="com.peter.left.interview.dataStructure.list.ArrayListTest" name="dupliatedRemoveElementByIteratorAfterOneNext_itShould_Fail" time="0.0" />

      <testcase classname="com.peter.left.interview.dataStructure.list.ArrayListTest" name="getElementBeforeListHead_itShould_Fail" time="0.001" />

      <testcase classname="com.peter.left.interview.dataStructure.list.ArrayListTest" name="getElementFromEmptyList_itShould_Fail" time="0.001" />

      <testcase classname="com.peter.left.interview.dataStructure.list.ArrayListTest" name="removeElementBeforeListHead_itShould_Fail" time="0.0" />

      <testcase classname="com.peter.left.interview.dataStructure.list.ArrayListTest" name="iteratorRemoveTailElements_itShould_getExceptedList" time="0.0" />

      <testcase classname="com.peter.left.interview.dataStructure.list.ArrayListTest" name="iteratorRemoveMultipleElements_itShould_getExceptedList" time="0.001" />

      <testcase classname="com.peter.left.interview.dataStructure.list.ArrayListTest" name="setMultipleElements_itShould_getExceptedList" time="0.002" />

      <testcase classname="com.peter.left.interview.dataStructure.list.ArrayListTest" name="addMultipleElementsToEmptyList_itShould_getExceptedList" time="0.001" />

      <testcase classname="com.peter.left.interview.dataStructure.list.ArrayListTest" name="removeMultipleElements_itShould_getExceptedList" time="0.001" />

      <testcase classname="com.peter.left.interview.dataStructure.list.ArrayListTest" name="iteratorRemoveMiddleElements_itShould_getExceptedList" time="0.001" />

      <testcase classname="com.peter.left.interview.dataStructure.list.ArrayListTest" name="addElementBeforeListHead_itShould_Fail" time="0.001" />

      <testcase classname="com.peter.left.interview.dataStructure.list.ArrayListTest" name="sameIteratorRemoveMultipleElements_itShould_getExceptedList" time="0.01" />

      <testcase classname="com.peter.left.interview.dataStructure.list.ArrayListTest" name="addMutipleElement_itShould_getExceptedList" time="0.0" />

      <testcase classname="com.peter.left.interview.dataStructure.list.ArrayListTest" name="addElementAtHead_itShould_getExceptedList" time="0.0" />

      <testcase classname="com.peter.left.interview.dataStructure.list.ArrayListTest" name="setElementBeforeListHead_itShould_Fail" time="0.001" />

      <testcase classname="com.peter.left.interview.dataStructure.list.ArrayListTest" name="addElementAtTail_itShould_getExceptedList" time="0.001" />

      <testcase classname="com.peter.left.interview.dataStructure.list.ArrayListTest" name="addElementAfterListTail_itShould_Fail" time="0.0" />

      <testcase classname="com.peter.left.interview.dataStructure.list.ArrayListTest" name="removeElementByIteratorBeforeNext_itShould_Fail" time="0.001" />

      <testcase classname="com.peter.left.interview.dataStructure.list.ArrayListTest" name="removeElementAfterListTail_itShould_Fail" time="0.003" />

      <testcase classname="com.peter.left.interview.dataStructure.list.ArrayListTest" name="addElementAtMiddle_itShould_getExceptedList" time="0.0" />

      <testcase classname="com.peter.left.interview.dataStructure.list.ArrayListTest" name="addOneElementToEmptyList_itShould_getOneElementList" time="0.001" />

      <testcase classname="com.peter.left.interview.dataStructure.list.ArrayListTest" name="multipleElements_iteratorShould_actAsStandardList" time="0.01" />

      <system-out />

      <system-err />

  </testsuite>
  <testsuite errors="0" failures="0" hostname="left" id="4" name="LinkedListTest" package="com.peter.left.interview.dataStructure.list" skipped="0" tests="26" time="0.195" timestamp="2014-09-02T22:58:07">
      <properties>
[...]
</properties>

      <testcase classname="com.peter.left.interview.dataStructure.list.LinkedListTest" name="setElementAfterListTail_itShould_Fail" time="0.016" />

      <testcase classname="com.peter.left.interview.dataStructure.list.LinkedListTest" name="iteratorRemoveHeadElements_itShould_getExceptedList" time="0.005" />

      <testcase classname="com.peter.left.interview.dataStructure.list.LinkedListTest" name="iteratorNextAtTail_itShould_Fail" time="0.0" />

      <testcase classname="com.peter.left.interview.dataStructure.list.LinkedListTest" name="getElementAfterListTail_itShould_Fail" time="0.001" />

      <testcase classname="com.peter.left.interview.dataStructure.list.LinkedListTest" name="dupliatedRemoveElementByIteratorAfterOneNext_itShould_Fail" time="0.0" />

      <testcase classname="com.peter.left.interview.dataStructure.list.LinkedListTest" name="getElementBeforeListHead_itShould_Fail" time="0.001" />

      <testcase classname="com.peter.left.interview.dataStructure.list.LinkedListTest" name="getElementFromEmptyList_itShould_Fail" time="0.001" />

      <testcase classname="com.peter.left.interview.dataStructure.list.LinkedListTest" name="removeElementBeforeListHead_itShould_Fail" time="0.0" />

      <testcase classname="com.peter.left.interview.dataStructure.list.LinkedListTest" name="iteratorRemoveTailElements_itShould_getExceptedList" time="0.0" />

      <testcase classname="com.peter.left.interview.dataStructure.list.LinkedListTest" name="iteratorRemoveMultipleElements_itShould_getExceptedList" time="0.0" />

      <testcase classname="com.peter.left.interview.dataStructure.list.LinkedListTest" name="setMultipleElements_itShould_getExceptedList" time="0.001" />

      <testcase classname="com.peter.left.interview.dataStructure.list.LinkedListTest" name="addMultipleElementsToEmptyList_itShould_getExceptedList" time="0.0" />

      <testcase classname="com.peter.left.interview.dataStructure.list.LinkedListTest" name="removeMultipleElements_itShould_getExceptedList" time="0.0" />

      <testcase classname="com.peter.left.interview.dataStructure.list.LinkedListTest" name="iteratorRemoveMiddleElements_itShould_getExceptedList" time="0.0" />

      <testcase classname="com.peter.left.interview.dataStructure.list.LinkedListTest" name="addElementBeforeListHead_itShould_Fail" time="0.001" />

      <testcase classname="com.peter.left.interview.dataStructure.list.LinkedListTest" name="sameIteratorRemoveMultipleElements_itShould_getExceptedList" time="0.015" />

      <testcase classname="com.peter.left.interview.dataStructure.list.LinkedListTest" name="addMutipleElement_itShould_getExceptedList" time="0.0" />

      <testcase classname="com.peter.left.interview.dataStructure.list.LinkedListTest" name="addElementAtHead_itShould_getExceptedList" time="0.0" />

      <testcase classname="com.peter.left.interview.dataStructure.list.LinkedListTest" name="setElementBeforeListHead_itShould_Fail" time="0.0" />

      <testcase classname="com.peter.left.interview.dataStructure.list.LinkedListTest" name="addElementAtTail_itShould_getExceptedList" time="0.0" />

      <testcase classname="com.peter.left.interview.dataStructure.list.LinkedListTest" name="addElementAfterListTail_itShould_Fail" time="0.0" />

      <testcase classname="com.peter.left.interview.dataStructure.list.LinkedListTest" name="removeElementByIteratorBeforeNext_itShould_Fail" time="0.001" />

      <testcase classname="com.peter.left.interview.dataStructure.list.LinkedListTest" name="removeElementAfterListTail_itShould_Fail" time="0.0" />

      <testcase classname="com.peter.left.interview.dataStructure.list.LinkedListTest" name="addElementAtMiddle_itShould_getExceptedList" time="0.0" />

      <testcase classname="com.peter.left.interview.dataStructure.list.LinkedListTest" name="addOneElementToEmptyList_itShould_getOneElementList" time="0.001" />

      <testcase classname="com.peter.left.interview.dataStructure.list.LinkedListTest" name="multipleElements_iteratorShould_actAsStandardList" time="0.018" />

      <system-out />

      <system-err />

  </testsuite>
  <testsuite errors="0" failures="0" hostname="left" id="5" name="CollapseIteratorTest" package="com.peter.left.interview.dataStructure.problems.CollapseIterators" skipped="0" tests="14" time="0.181" timestamp="2014-09-02T22:58:08">
      <properties>
[...]
</properties>

      <testcase classname="com.peter.left.interview.dataStructure.problems.CollapseIterators.CollapseIteratorTest" name="nullList_hasNextShould_fail" time="0.018" />

      <testcase classname="com.peter.left.interview.dataStructure.problems.CollapseIterators.CollapseIteratorTest" name="multipleEmptyIteratorsList_hasNextShould_returnFalse" time="0.039" />

      <testcase classname="com.peter.left.interview.dataStructure.problems.CollapseIterators.CollapseIteratorTest" name="singleNoEmptyWithMixedEmptyIteratorsList_itShould_actAsExpected" time="0.001" />

      <testcase classname="com.peter.left.interview.dataStructure.problems.CollapseIterators.CollapseIteratorTest" name="singleNoEmptyIteratorList_itShould_actAsExpected" time="0.0" />

      <testcase classname="com.peter.left.interview.dataStructure.problems.CollapseIterators.CollapseIteratorTest" name="emptyList_hasNextShould_returnFalse" time="0.0" />

      <testcase classname="com.peter.left.interview.dataStructure.problems.CollapseIterators.CollapseIteratorTest" name="singleNoEmptyIteratorList_hasNextShould_returnTrue" time="0.0" />

      <testcase classname="com.peter.left.interview.dataStructure.problems.CollapseIterators.CollapseIteratorTest" name="singleIteratorList_itShould_actAsExpected" time="0.0" />

      <testcase classname="com.peter.left.interview.dataStructure.problems.CollapseIterators.CollapseIteratorTest" name="singleNoEmptyWithMultipleEmptyIteratorsList_hasNextShould_returnTrue" time="0.0" />

      <testcase classname="com.peter.left.interview.dataStructure.problems.CollapseIterators.CollapseIteratorTest" name="multipleIteratorsWithMixedEmptyIteratosList_itShould_actAsExpected" time="0.001" />

      <testcase classname="com.peter.left.interview.dataStructure.problems.CollapseIterators.CollapseIteratorTest" name="MultipleNoEmptyWithMixedEmptyIteratorsList_itShould_actAsExpected" time="0.0" />

      <testcase classname="com.peter.left.interview.dataStructure.problems.CollapseIterators.CollapseIteratorTest" name="singleEmptyIteratorList_hasNextShould_returnFalse" time="0.0" />

      <testcase classname="com.peter.left.interview.dataStructure.problems.CollapseIterators.CollapseIteratorTest" name="singleNoEmptyWithMultipleEmptyIteratorsList_itShould_actAsExpected" time="0.001" />

      <testcase classname="com.peter.left.interview.dataStructure.problems.CollapseIterators.CollapseIteratorTest" name="MultipleNoEmptyWithMultipleEmptyIteratorsList_itShould_actAsExpected" time="0.0" />

      <testcase classname="com.peter.left.interview.dataStructure.problems.CollapseIterators.CollapseIteratorTest" name="singleIteratorWithMixedEmptyIteratosList_itShould_actAsExpected" time="0.0" />

      <system-out />

      <system-err />

  </testsuite>
  <testsuite errors="0" failures="0" hostname="left" id="6" name="AdvancedAnagramSearcherTest" package="com.peter.left.interview.dataStructure.problems.anagrams" skipped="0" tests="9" time="0.394" timestamp="2014-09-02T22:58:09">
      <properties>
[...]
</properties>

      <testcase classname="com.peter.left.interview.dataStructure.problems.anagrams.AdvancedAnagramSearcherTest" name="emptyWords_itShould_returnEmpty" time="0.198" />

      <testcase classname="com.peter.left.interview.dataStructure.problems.anagrams.AdvancedAnagramSearcherTest" name="noAnagramInSingletionWords_itShould_returnEmpty" time="0.001" />

      <testcase classname="com.peter.left.interview.dataStructure.problems.anagrams.AdvancedAnagramSearcherTest" name="multipleAnagramWordInMutipleWords_itShould_returnCorrectList" time="0.035" />

      <testcase classname="com.peter.left.interview.dataStructure.problems.anagrams.AdvancedAnagramSearcherTest" name="nullWord_itShould_fail" time="0.007" />

      <testcase classname="com.peter.left.interview.dataStructure.problems.anagrams.AdvancedAnagramSearcherTest" name="noAnagramsInMutipleWords_itShould_returnEmpty" time="0.002" />

      <testcase classname="com.peter.left.interview.dataStructure.problems.anagrams.AdvancedAnagramSearcherTest" name="singleAnagramWordInMutipleWords_itShould_returnCorrectList" time="0.002" />

      <testcase classname="com.peter.left.interview.dataStructure.problems.anagrams.AdvancedAnagramSearcherTest" name="nullWords_itShould_fail" time="0.002" />

      <testcase classname="com.peter.left.interview.dataStructure.problems.anagrams.AdvancedAnagramSearcherTest" name="sameWordInMutipleWords_itShould_returnCorrectList" time="0.001" />

      <testcase classname="com.peter.left.interview.dataStructure.problems.anagrams.AdvancedAnagramSearcherTest" name="allWordsAreAnagram_itShould_returnCorrectList" time="0.005" />

      <system-out />

      <system-err />

  </testsuite>
  <testsuite errors="0" failures="0" hostname="left" id="7" name="IterativeFactorialTest" package="com.peter.left.interview.dataStructure.problems.factorial" skipped="0" tests="6" time="0.231" timestamp="2014-09-02T22:58:10">
      <properties>
[...]
</properties>

      <testcase classname="com.peter.left.interview.dataStructure.problems.factorial.IterativeFactorialTest" name="one_itShould_return1" time="0.032" />

      <testcase classname="com.peter.left.interview.dataStructure.problems.factorial.IterativeFactorialTest" name="negative_itShould_fail" time="0.012" />

      <testcase classname="com.peter.left.interview.dataStructure.problems.factorial.IterativeFactorialTest" name="nice_itShould_return362880" time="0.001" />

      <testcase classname="com.peter.left.interview.dataStructure.problems.factorial.IterativeFactorialTest" name="two_itShould_return2" time="0.001" />

      <testcase classname="com.peter.left.interview.dataStructure.problems.factorial.IterativeFactorialTest" name="zero_itShould_fail" time="0.0" />

      <testcase classname="com.peter.left.interview.dataStructure.problems.factorial.IterativeFactorialTest" name="three_itShould_return6" time="0.0" />

      <system-out />

      <system-err />

  </testsuite>
  <testsuite errors="0" failures="0" hostname="left" id="8" name="IterativeFibonacciSequenceTest" package="com.peter.left.interview.dataStructure.problems.fibonacci" skipped="0" tests="6" time="0.145" timestamp="2014-09-02T22:58:11">
      <properties>
[...]
</properties>

      <testcase classname="com.peter.left.interview.dataStructure.problems.fibonacci.IterativeFibonacciSequenceTest" name="three_itShould_returnCorrectList" time="0.025" />

      <testcase classname="com.peter.left.interview.dataStructure.problems.fibonacci.IterativeFibonacciSequenceTest" name="negativeValue_itShould_failToCalculate" time="0.019" />

      <testcase classname="com.peter.left.interview.dataStructure.problems.fibonacci.IterativeFibonacciSequenceTest" name="two_itShould_returnCorrectList" time="0.0" />

      <testcase classname="com.peter.left.interview.dataStructure.problems.fibonacci.IterativeFibonacciSequenceTest" name="one_itShould_returnSingletonList" time="0.001" />

      <testcase classname="com.peter.left.interview.dataStructure.problems.fibonacci.IterativeFibonacciSequenceTest" name="eight_itShould_returnCorrectList" time="0.0" />

      <testcase classname="com.peter.left.interview.dataStructure.problems.fibonacci.IterativeFibonacciSequenceTest" name="zero_itShould_returnEmptyList" time="0.001" />

      <system-out />

      <system-err />

  </testsuite>
  <testsuite errors="0" failures="0" hostname="left" id="9" name="IterativeFibonacciTest" package="com.peter.left.interview.dataStructure.problems.fibonacci" skipped="0" tests="6" time="0.129" timestamp="2014-09-02T22:58:11">
      <properties>
[...]
</properties>

      <testcase classname="com.peter.left.interview.dataStructure.problems.fibonacci.IterativeFibonacciTest" name="one_itShould_return0" time="0.016" />

      <testcase classname="com.peter.left.interview.dataStructure.problems.fibonacci.IterativeFibonacciTest" name="negative_itShould_fail" time="0.008" />

      <testcase classname="com.peter.left.interview.dataStructure.problems.fibonacci.IterativeFibonacciTest" name="eight_itShould_return13" time="0.0" />

      <testcase classname="com.peter.left.interview.dataStructure.problems.fibonacci.IterativeFibonacciTest" name="two_itShould_return1" time="0.0" />

      <testcase classname="com.peter.left.interview.dataStructure.problems.fibonacci.IterativeFibonacciTest" name="zero_itShould_fail" time="0.0" />

      <testcase classname="com.peter.left.interview.dataStructure.problems.fibonacci.IterativeFibonacciTest" name="three_itShould_return1" time="0.0" />

      <system-out />

      <system-err />

  </testsuite>
  <testsuite errors="0" failures="0" hostname="left" id="10" name="RecursiveFibonacciTest" package="com.peter.left.interview.dataStructure.problems.fibonacci" skipped="0" tests="6" time="0.184" timestamp="2014-09-02T22:58:12">
      <properties>
[...]
</properties>

      <testcase classname="com.peter.left.interview.dataStructure.problems.fibonacci.RecursiveFibonacciTest" name="one_itShould_return0" time="0.021" />

      <testcase classname="com.peter.left.interview.dataStructure.problems.fibonacci.RecursiveFibonacciTest" name="negative_itShould_fail" time="0.009" />

      <testcase classname="com.peter.left.interview.dataStructure.problems.fibonacci.RecursiveFibonacciTest" name="eight_itShould_return13" time="0.006" />

      <testcase classname="com.peter.left.interview.dataStructure.problems.fibonacci.RecursiveFibonacciTest" name="two_itShould_return1" time="0.0" />

      <testcase classname="com.peter.left.interview.dataStructure.problems.fibonacci.RecursiveFibonacciTest" name="zero_itShould_fail" time="0.001" />

      <testcase classname="com.peter.left.interview.dataStructure.problems.fibonacci.RecursiveFibonacciTest" name="three_itShould_return1" time="0.0" />

      <system-out />

      <system-err />

  </testsuite>
  <testsuite errors="0" failures="0" hostname="left" id="11" name="SimplePalindromeCheckerTest" package="com.peter.left.interview.dataStructure.problems.palindrome" skipped="0" tests="20" time="0.128" timestamp="2014-09-02T22:58:13">
      <properties>
[...]
</properties>

      <testcase classname="com.peter.left.interview.dataStructure.problems.palindrome.SimplePalindromeCheckerTest" name="nullString_itShould_returnTrue" time="0.016" />

      <testcase classname="com.peter.left.interview.dataStructure.problems.palindrome.SimplePalindromeCheckerTest" name="singletonString_itShould_returnTrue" time="0.0" />

      <testcase classname="com.peter.left.interview.dataStructure.problems.palindrome.SimplePalindromeCheckerTest" name="palindromeWithOddNumberLetterWithoutNoneLetterString_itShould_returnTrue" time="0.0" />

      <testcase classname="com.peter.left.interview.dataStructure.problems.palindrome.SimplePalindromeCheckerTest" name="singletonCharWithNoneLetterString_itShould_returnTrue" time="0.0" />

      <testcase classname="com.peter.left.interview.dataStructure.problems.palindrome.SimplePalindromeCheckerTest" name="sameCharsWithNoneLetterString_itShould_returnTrue" time="0.0" />

      <testcase classname="com.peter.left.interview.dataStructure.problems.palindrome.SimplePalindromeCheckerTest" name="palindromeWithOddNumberLetterWithoutNoneLetterString_itShould_returnFalse" time="0.0" />

      <testcase classname="com.peter.left.interview.dataStructure.problems.palindrome.SimplePalindromeCheckerTest" name="palindromeWithEvenNumberLetterWithNoneLetterString_itShould_returnTrue" time="0.001" />

      <testcase classname="com.peter.left.interview.dataStructure.problems.palindrome.SimplePalindromeCheckerTest" name="palindromeUpDownCaseWithEvenNumberLetterWithNoneLetterString_itShould_returnTrue" time="0.001" />

      <testcase classname="com.peter.left.interview.dataStructure.problems.palindrome.SimplePalindromeCheckerTest" name="NoPalindromeWithEvenNumberLetterWithoutNoneLetterString_itShould_returnFalse" time="0.0" />

      <testcase classname="com.peter.left.interview.dataStructure.problems.palindrome.SimplePalindromeCheckerTest" name="palindromeUpDownCaseWithOddNumberLetterWithNoneLetterString_itShould_returnTrue" time="0.0" />

      <testcase classname="com.peter.left.interview.dataStructure.problems.palindrome.SimplePalindromeCheckerTest" name="palindromeWithOddNumberLetterWithNoneLetterString_itShould_returnFalse" time="0.0" />

      <testcase classname="com.peter.left.interview.dataStructure.problems.palindrome.SimplePalindromeCheckerTest" name="stringOnlyHasSameChars_itShould_returnTrue" time="0.0" />

      <testcase classname="com.peter.left.interview.dataStructure.problems.palindrome.SimplePalindromeCheckerTest" name="palindromeWithOddNumberLetterWithNoneLetterString_itShould_returnTrue" time="0.001" />

      <testcase classname="com.peter.left.interview.dataStructure.problems.palindrome.SimplePalindromeCheckerTest" name="palindromeUpDownCaseWithEvenNumberLetterWithoutNoneLetterString_itShould_returnTrue" time="0.001" />

      <testcase classname="com.peter.left.interview.dataStructure.problems.palindrome.SimplePalindromeCheckerTest" name="palindromeUpDownCaseWithOddNumberLetterWithoutNoneLetterString_itShould_returnTrue" time="0.001" />

      <testcase classname="com.peter.left.interview.dataStructure.problems.palindrome.SimplePalindromeCheckerTest" name="NoPalindromeWithOddNumberLetterWithoutNoneLetterString_itShould_returnFalse" time="0.002" />

      <testcase classname="com.peter.left.interview.dataStructure.problems.palindrome.SimplePalindromeCheckerTest" name="stringOnlyHasNoLetters_itShould_returnTrue" time="0.001" />

      <testcase classname="com.peter.left.interview.dataStructure.problems.palindrome.SimplePalindromeCheckerTest" name="palindromeWithEvenNumberLetterWithoutNoneLetterString_itShould_returnTrue" time="0.001" />

      <testcase classname="com.peter.left.interview.dataStructure.problems.palindrome.SimplePalindromeCheckerTest" name="palindromeWithEvenNumberLetterWithNoneLetterString_itShould_returnFalse" time="0.001" />

      <testcase classname="com.peter.left.interview.dataStructure.problems.palindrome.SimplePalindromeCheckerTest" name="emptyString_itShould_returnTrue" time="0.0" />

      <system-out />

      <system-err />

  </testsuite>
  <testsuite errors="0" failures="0" hostname="left" id="12" name="SimpleReverseLinkedListTest" package="com.peter.left.interview.dataStructure.problems.reverseLinkedList" skipped="0" tests="3" time="0.113" timestamp="2014-09-02T22:58:14">
      <properties>
[...]
</properties>

      <testcase classname="com.peter.left.interview.dataStructure.problems.reverseLinkedList.SimpleReverseLinkedListTest" name="singletonList_itShould_returnSingleton" time="0.009" />

      <testcase classname="com.peter.left.interview.dataStructure.problems.reverseLinkedList.SimpleReverseLinkedListTest" name="MultipleElementsList_itShould_returnReversedList" time="0.001" />

      <testcase classname="com.peter.left.interview.dataStructure.problems.reverseLinkedList.SimpleReverseLinkedListTest" name="emptyList_itShould_returnEmpty" time="0.0" />

      <system-out />

      <system-err />

  </testsuite>
  <testsuite errors="0" failures="0" hostname="left" id="13" name="SimpleReverseStringTest" package="com.peter.left.interview.dataStructure.problems.reverseString" skipped="0" tests="4" time="0.123" timestamp="2014-09-02T22:58:14">
      <properties>
[...]
</properties>

      <testcase classname="com.peter.left.interview.dataStructure.problems.reverseString.SimpleReverseStringTest" name="sameCharsString_itShould_returnSame" time="0.016" />

      <testcase classname="com.peter.left.interview.dataStructure.problems.reverseString.SimpleReverseStringTest" name="nullString_itShould_fail" time="0.008" />

      <testcase classname="com.peter.left.interview.dataStructure.problems.reverseString.SimpleReverseStringTest" name="singleCharString_itShould_returnSame" time="0.0" />

      <testcase classname="com.peter.left.interview.dataStructure.problems.reverseString.SimpleReverseStringTest" name="MultipleCharsString_itShould_returnReverseString" time="0.0" />

      <system-out />

      <system-err />

  </testsuite>
  <testsuite errors="0" failures="0" hostname="left" id="14" name="LinkedListQueueTest" package="com.peter.left.interview.dataStructure.queue" skipped="0" tests="18" time="0.228" timestamp="2014-09-02T22:58:15">
      <properties>
[...]
</properties>

      <testcase classname="com.peter.left.interview.dataStructure.queue.LinkedListQueueTest" name="dequeueEmptyQueue_itShould_fail" time="0.02" />

      <testcase classname="com.peter.left.interview.dataStructure.queue.LinkedListQueueTest" name="multipleElementsQueue_iteratorHasNextShould_returnTrue" time="0.006" />

      <testcase classname="com.peter.left.interview.dataStructure.queue.LinkedListQueueTest" name="multipleFrontQueue_itShould_keepQueueSame" time="0.0" />

      <testcase classname="com.peter.left.interview.dataStructure.queue.LinkedListQueueTest" name="queueIterator_itShould_actAsExpected" time="0.0" />

      <testcase classname="com.peter.left.interview.dataStructure.queue.LinkedListQueueTest" name="singletonQueue_iteratorHasNextShould_returnTrue" time="0.0" />

      <testcase classname="com.peter.left.interview.dataStructure.queue.LinkedListQueueTest" name="enqueueMultipleElements_itShould_getExpectedQueue" time="0.001" />

      <testcase classname="com.peter.left.interview.dataStructure.queue.LinkedListQueueTest" name="oneEnqueueOneDequeue_itShould_getEmptyQueue" time="0.0" />

      <testcase classname="com.peter.left.interview.dataStructure.queue.LinkedListQueueTest" name="singletonQueue_isEmptyShould_returnFalse" time="0.0" />

      <testcase classname="com.peter.left.interview.dataStructure.queue.LinkedListQueueTest" name="dequeueOneQueue_itShould_getExpectedQueue" time="0.0" />

      <testcase classname="com.peter.left.interview.dataStructure.queue.LinkedListQueueTest" name="onceFrontQueue_itShould_keepQueueSame" time="0.003" />

      <testcase classname="com.peter.left.interview.dataStructure.queue.LinkedListQueueTest" name="multipleElementsQueue_isEmptyShould_returnFalse" time="0.0" />

      <testcase classname="com.peter.left.interview.dataStructure.queue.LinkedListQueueTest" name="dequeueAllElements_itShould_getEmptyQueue" time="0.0" />

      <testcase classname="com.peter.left.interview.dataStructure.queue.LinkedListQueueTest" name="emptyQueue_iteratorHasNextShould_returnFalse" time="0.001" />

      <testcase classname="com.peter.left.interview.dataStructure.queue.LinkedListQueueTest" name="emptyQueue_isEmptyShould_returnTrue" time="0.001" />

      <testcase classname="com.peter.left.interview.dataStructure.queue.LinkedListQueueTest" name="emptyQueue_iteratorNextShould_fail" time="0.001" />

      <testcase classname="com.peter.left.interview.dataStructure.queue.LinkedListQueueTest" name="multipleEnqueueMultipleDequeue_itShould_getExpectedQueue" time="0.001" />

      <testcase classname="com.peter.left.interview.dataStructure.queue.LinkedListQueueTest" name="enqueueOneElement_itShould_getExpectedQueue" time="0.001" />

      <testcase classname="com.peter.left.interview.dataStructure.queue.LinkedListQueueTest" name="frontEmptyQueue_itShould_fail" time="0.008" />

      <system-out />

      <system-err />

  </testsuite>
  <testsuite errors="0" failures="0" hostname="left" id="15" name="LoopArrayQueueTest" package="com.peter.left.interview.dataStructure.queue" skipped="0" tests="23" time="0.168" timestamp="2014-09-02T22:58:15">
      <properties>
[...]
</properties>

      <testcase classname="com.peter.left.interview.dataStructure.queue.LoopArrayQueueTest" name="dequeueEmptyQueue_itShould_fail" time="0.028" />

      <testcase classname="com.peter.left.interview.dataStructure.queue.LoopArrayQueueTest" name="enqueueToFullElements_itShould_fail" time="0.001" />

      <testcase classname="com.peter.left.interview.dataStructure.queue.LoopArrayQueueTest" name="multipleElementsQueue_iteratorHasNextShould_returnTrue" time="0.004" />

      <testcase classname="com.peter.left.interview.dataStructure.queue.LoopArrayQueueTest" name="multipleFrontQueue_itShould_keepQueueSame" time="0.0" />

      <testcase classname="com.peter.left.interview.dataStructure.queue.LoopArrayQueueTest" name="queueIteratorHeadAtMiddle_itShould_actAsExpected" time="0.0" />

      <testcase classname="com.peter.left.interview.dataStructure.queue.LoopArrayQueueTest" name="queueIterator_itShould_actAsExpected" time="0.0" />

      <testcase classname="com.peter.left.interview.dataStructure.queue.LoopArrayQueueTest" name="singletonQueue_iteratorHasNextShould_returnTrue" time="0.0" />

      <testcase classname="com.peter.left.interview.dataStructure.queue.LoopArrayQueueTest" name="enqueueMultipleElements_itShould_getExpectedQueue" time="0.0" />

      <testcase classname="com.peter.left.interview.dataStructure.queue.LoopArrayQueueTest" name="oneEnqueueOneDequeue_itShould_getEmptyQueue" time="0.001" />

      <testcase classname="com.peter.left.interview.dataStructure.queue.LoopArrayQueueTest" name="queueIteratorHeadAtEnd_itShould_actAsExpected" time="0.001" />

      <testcase classname="com.peter.left.interview.dataStructure.queue.LoopArrayQueueTest" name="singletonQueue_isEmptyShould_returnFalse" time="0.0" />

      <testcase classname="com.peter.left.interview.dataStructure.queue.LoopArrayQueueTest" name="dequeueOneQueue_itShould_getExpectedQueue" time="0.001" />

      <testcase classname="com.peter.left.interview.dataStructure.queue.LoopArrayQueueTest" name="onceFrontQueue_itShould_keepQueueSame" time="0.001" />

      <testcase classname="com.peter.left.interview.dataStructure.queue.LoopArrayQueueTest" name="multipleElementsQueue_isEmptyShould_returnFalse" time="0.0" />

      <testcase classname="com.peter.left.interview.dataStructure.queue.LoopArrayQueueTest" name="dequeueAllElements_itShould_getEmptyQueue" time="0.001" />

      <testcase classname="com.peter.left.interview.dataStructure.queue.LoopArrayQueueTest" name="emptyQueue_iteratorHasNextShould_returnFalse" time="0.003" />

      <testcase classname="com.peter.left.interview.dataStructure.queue.LoopArrayQueueTest" name="emptyQueue_isEmptyShould_returnTrue" time="0.0" />

      <testcase classname="com.peter.left.interview.dataStructure.queue.LoopArrayQueueTest" name="multipleEnqueueMultipleDequeueHeadAtEnd_itShould_getExpectedQueue" time="0.0" />

      <testcase classname="com.peter.left.interview.dataStructure.queue.LoopArrayQueueTest" name="emptyQueue_iteratorNextShould_fail" time="0.001" />

      <testcase classname="com.peter.left.interview.dataStructure.queue.LoopArrayQueueTest" name="multipleEnqueueMultipleDequeue_itShould_getExpectedQueue" time="0.001" />

      <testcase classname="com.peter.left.interview.dataStructure.queue.LoopArrayQueueTest" name="multipleEnqueueMultipleDequeueHeadAtMiddle_itShould_getExpectedQueue" time="0.001" />

      <testcase classname="com.peter.left.interview.dataStructure.queue.LoopArrayQueueTest" name="enqueueOneElement_itShould_getExpectedQueue" time="0.001" />

      <testcase classname="com.peter.left.interview.dataStructure.queue.LoopArrayQueueTest" name="frontEmptyQueue_itShould_fail" time="0.001" />

      <system-out />

      <system-err />

  </testsuite>
  <testsuite errors="0" failures="0" hostname="left" id="16" name="BubbleSorterTest" package="com.peter.left.interview.dataStructure.sort" skipped="0" tests="10" time="0.143" timestamp="2014-09-02T22:58:16">
      <properties>
[...]
</properties>

      <testcase classname="com.peter.left.interview.dataStructure.sort.BubbleSorterTest" name="reverseSortedList_itShould_returnSortedList" time="0.035" />

      <testcase classname="com.peter.left.interview.dataStructure.sort.BubbleSorterTest" name="singletonList_itShould_returnSingletonList" time="0.001" />

      <testcase classname="com.peter.left.interview.dataStructure.sort.BubbleSorterTest" name="allSameElmentsList_itShould_returnSortedList" time="0.0" />

      <testcase classname="com.peter.left.interview.dataStructure.sort.BubbleSorterTest" name="twoPartChangedList_itShould_returnSortedList" time="0.0" />

      <testcase classname="com.peter.left.interview.dataStructure.sort.BubbleSorterTest" name="partSameElmentsList_itShould_returnSortedList" time="0.0" />

      <testcase classname="com.peter.left.interview.dataStructure.sort.BubbleSorterTest" name="sortedList_itShould_returnSortedList" time="0.0" />

      <testcase classname="com.peter.left.interview.dataStructure.sort.BubbleSorterTest" name="emptyList_itShould_returnEmpty" time="0.004" />

      <testcase classname="com.peter.left.interview.dataStructure.sort.BubbleSorterTest" name="randomOrderList_itShould_returnSortedList" time="0.001" />

      <testcase classname="com.peter.left.interview.dataStructure.sort.BubbleSorterTest" name="twoReversedPartChangedList_itShould_returnSortedList" time="0.001" />

      <testcase classname="com.peter.left.interview.dataStructure.sort.BubbleSorterTest" name="evenAndOddChangedList_itShould_returnSortedList" time="0.0" />

      <system-out />

      <system-err />

  </testsuite>
  <testsuite errors="0" failures="0" hostname="left" id="17" name="HeapSorterTest" package="com.peter.left.interview.dataStructure.sort" skipped="0" tests="2" time="0.202" timestamp="2014-09-02T22:58:17">
      <properties>
[...]
</properties>

      <testcase classname="com.peter.left.interview.dataStructure.sort.HeapSorterTest" name="multipleElementsList_itShould_actAsExpected" time="0.103" />

      <testcase classname="com.peter.left.interview.dataStructure.sort.HeapSorterTest" name="singletonList_itShould_actAsExpected" time="0.003" />

      <system-out />

      <system-err />

  </testsuite>
  <testsuite errors="0" failures="0" hostname="left" id="18" name="InsertionSorterTest" package="com.peter.left.interview.dataStructure.sort" skipped="0" tests="10" time="0.14" timestamp="2014-09-02T22:58:17">
      <properties>
[...]
</properties>

      <testcase classname="com.peter.left.interview.dataStructure.sort.InsertionSorterTest" name="reverseSortedList_itShould_returnSortedList" time="0.027" />

      <testcase classname="com.peter.left.interview.dataStructure.sort.InsertionSorterTest" name="singletonList_itShould_returnSingletonList" time="0.001" />

      <testcase classname="com.peter.left.interview.dataStructure.sort.InsertionSorterTest" name="allSameElmentsList_itShould_returnSortedList" time="0.001" />

      <testcase classname="com.peter.left.interview.dataStructure.sort.InsertionSorterTest" name="twoPartChangedList_itShould_returnSortedList" time="0.001" />

      <testcase classname="com.peter.left.interview.dataStructure.sort.InsertionSorterTest" name="partSameElmentsList_itShould_returnSortedList" time="0.0" />

      <testcase classname="com.peter.left.interview.dataStructure.sort.InsertionSorterTest" name="sortedList_itShould_returnSortedList" time="0.0" />

      <testcase classname="com.peter.left.interview.dataStructure.sort.InsertionSorterTest" name="emptyList_itShould_returnEmpty" time="0.003" />

      <testcase classname="com.peter.left.interview.dataStructure.sort.InsertionSorterTest" name="randomOrderList_itShould_returnSortedList" time="0.0" />

      <testcase classname="com.peter.left.interview.dataStructure.sort.InsertionSorterTest" name="twoReversedPartChangedList_itShould_returnSortedList" time="0.001" />

      <testcase classname="com.peter.left.interview.dataStructure.sort.InsertionSorterTest" name="evenAndOddChangedList_itShould_returnSortedList" time="0.0" />

      <system-out />

      <system-err />

  </testsuite>
  <testsuite errors="0" failures="0" hostname="left" id="19" name="IterativeMergeSorterTest" package="com.peter.left.interview.dataStructure.sort" skipped="0" tests="10" time="0.145" timestamp="2014-09-02T22:58:18">
      <properties>
[...]
</properties>

      <testcase classname="com.peter.left.interview.dataStructure.sort.IterativeMergeSorterTest" name="reverseSortedList_itShould_returnSortedList" time="0.037" />

      <testcase classname="com.peter.left.interview.dataStructure.sort.IterativeMergeSorterTest" name="singletonList_itShould_returnSingletonList" time="0.001" />

      <testcase classname="com.peter.left.interview.dataStructure.sort.IterativeMergeSorterTest" name="allSameElmentsList_itShould_returnSortedList" time="0.001" />

      <testcase classname="com.peter.left.interview.dataStructure.sort.IterativeMergeSorterTest" name="twoPartChangedList_itShould_returnSortedList" time="0.0" />

      <testcase classname="com.peter.left.interview.dataStructure.sort.IterativeMergeSorterTest" name="partSameElmentsList_itShould_returnSortedList" time="0.0" />

      <testcase classname="com.peter.left.interview.dataStructure.sort.IterativeMergeSorterTest" name="sortedList_itShould_returnSortedList" time="0.0" />

      <testcase classname="com.peter.left.interview.dataStructure.sort.IterativeMergeSorterTest" name="emptyList_itShould_returnEmpty" time="0.003" />

      <testcase classname="com.peter.left.interview.dataStructure.sort.IterativeMergeSorterTest" name="randomOrderList_itShould_returnSortedList" time="0.0" />

      <testcase classname="com.peter.left.interview.dataStructure.sort.IterativeMergeSorterTest" name="twoReversedPartChangedList_itShould_returnSortedList" time="0.0" />

      <testcase classname="com.peter.left.interview.dataStructure.sort.IterativeMergeSorterTest" name="evenAndOddChangedList_itShould_returnSortedList" time="0.0" />

      <system-out />

      <system-err />

  </testsuite>
  <testsuite errors="0" failures="0" hostname="left" id="20" name="QuickSorterTest" package="com.peter.left.interview.dataStructure.sort" skipped="0" tests="10" time="0.145" timestamp="2014-09-02T22:58:19">
      <properties>
[...]
</properties>

      <testcase classname="com.peter.left.interview.dataStructure.sort.QuickSorterTest" name="reverseSortedList_itShould_returnSortedList" time="0.035" />

      <testcase classname="com.peter.left.interview.dataStructure.sort.QuickSorterTest" name="singletonList_itShould_returnSingletonList" time="0.001" />

      <testcase classname="com.peter.left.interview.dataStructure.sort.QuickSorterTest" name="allSameElmentsList_itShould_returnSortedList" time="0.0" />

      <testcase classname="com.peter.left.interview.dataStructure.sort.QuickSorterTest" name="twoPartChangedList_itShould_returnSortedList" time="0.0" />

      <testcase classname="com.peter.left.interview.dataStructure.sort.QuickSorterTest" name="partSameElmentsList_itShould_returnSortedList" time="0.0" />

      <testcase classname="com.peter.left.interview.dataStructure.sort.QuickSorterTest" name="sortedList_itShould_returnSortedList" time="0.0" />

      <testcase classname="com.peter.left.interview.dataStructure.sort.QuickSorterTest" name="emptyList_itShould_returnEmpty" time="0.003" />

      <testcase classname="com.peter.left.interview.dataStructure.sort.QuickSorterTest" name="randomOrderList_itShould_returnSortedList" time="0.0" />

      <testcase classname="com.peter.left.interview.dataStructure.sort.QuickSorterTest" name="twoReversedPartChangedList_itShould_returnSortedList" time="0.001" />

      <testcase classname="com.peter.left.interview.dataStructure.sort.QuickSorterTest" name="evenAndOddChangedList_itShould_returnSortedList" time="0.0" />

      <system-out />

      <system-err />

  </testsuite>
  <testsuite errors="0" failures="0" hostname="left" id="21" name="RecursionMergeSorterTest" package="com.peter.left.interview.dataStructure.sort" skipped="0" tests="10" time="0.14" timestamp="2014-09-02T22:58:19">
      <properties>
[...]
</properties>

      <testcase classname="com.peter.left.interview.dataStructure.sort.RecursionMergeSorterTest" name="reverseSortedList_itShould_returnSortedList" time="0.029" />

      <testcase classname="com.peter.left.interview.dataStructure.sort.RecursionMergeSorterTest" name="singletonList_itShould_returnSingletonList" time="0.001" />

      <testcase classname="com.peter.left.interview.dataStructure.sort.RecursionMergeSorterTest" name="allSameElmentsList_itShould_returnSortedList" time="0.0" />

      <testcase classname="com.peter.left.interview.dataStructure.sort.RecursionMergeSorterTest" name="twoPartChangedList_itShould_returnSortedList" time="0.0" />

      <testcase classname="com.peter.left.interview.dataStructure.sort.RecursionMergeSorterTest" name="partSameElmentsList_itShould_returnSortedList" time="0.0" />

      <testcase classname="com.peter.left.interview.dataStructure.sort.RecursionMergeSorterTest" name="sortedList_itShould_returnSortedList" time="0.0" />

      <testcase classname="com.peter.left.interview.dataStructure.sort.RecursionMergeSorterTest" name="emptyList_itShould_returnEmpty" time="0.003" />

      <testcase classname="com.peter.left.interview.dataStructure.sort.RecursionMergeSorterTest" name="randomOrderList_itShould_returnSortedList" time="0.0" />

      <testcase classname="com.peter.left.interview.dataStructure.sort.RecursionMergeSorterTest" name="twoReversedPartChangedList_itShould_returnSortedList" time="0.0" />

      <testcase classname="com.peter.left.interview.dataStructure.sort.RecursionMergeSorterTest" name="evenAndOddChangedList_itShould_returnSortedList" time="0.0" />

      <system-out />

      <system-err />

  </testsuite>
  <testsuite errors="0" failures="0" hostname="left" id="22" name="SelectionSorterTest" package="com.peter.left.interview.dataStructure.sort" skipped="0" tests="10" time="0.157" timestamp="2014-09-02T22:58:20">
      <properties>
[...]
</properties>

      <testcase classname="com.peter.left.interview.dataStructure.sort.SelectionSorterTest" name="reverseSortedList_itShould_returnSortedList" time="0.041" />

      <testcase classname="com.peter.left.interview.dataStructure.sort.SelectionSorterTest" name="singletonList_itShould_returnSingletonList" time="0.001" />

      <testcase classname="com.peter.left.interview.dataStructure.sort.SelectionSorterTest" name="allSameElmentsList_itShould_returnSortedList" time="0.001" />

      <testcase classname="com.peter.left.interview.dataStructure.sort.SelectionSorterTest" name="twoPartChangedList_itShould_returnSortedList" time="0.001" />

      <testcase classname="com.peter.left.interview.dataStructure.sort.SelectionSorterTest" name="partSameElmentsList_itShould_returnSortedList" time="0.001" />

      <testcase classname="com.peter.left.interview.dataStructure.sort.SelectionSorterTest" name="sortedList_itShould_returnSortedList" time="0.0" />

      <testcase classname="com.peter.left.interview.dataStructure.sort.SelectionSorterTest" name="emptyList_itShould_returnEmpty" time="0.003" />

      <testcase classname="com.peter.left.interview.dataStructure.sort.SelectionSorterTest" name="randomOrderList_itShould_returnSortedList" time="0.0" />

      <testcase classname="com.peter.left.interview.dataStructure.sort.SelectionSorterTest" name="twoReversedPartChangedList_itShould_returnSortedList" time="0.001" />

      <testcase classname="com.peter.left.interview.dataStructure.sort.SelectionSorterTest" name="evenAndOddChangedList_itShould_returnSortedList" time="0.0" />

      <system-out />

      <system-err />

  </testsuite>
  <testsuite errors="0" failures="0" hostname="left" id="23" name="ArrayStackTest" package="com.peter.left.interview.dataStructure.stack" skipped="0" tests="20" time="0.156" timestamp="2014-09-02T22:58:20">
      <properties>
[...]
</properties>

      <testcase classname="com.peter.left.interview.dataStructure.stack.ArrayStackTest" name="multiplePeakStack_itShould_keepSame" time="0.015" />

      <testcase classname="com.peter.left.interview.dataStructure.stack.ArrayStackTest" name="twoSameSizeStacksOneHasDifferentElement_theyShould_notEqual" time="0.002" />

      <testcase classname="com.peter.left.interview.dataStructure.stack.ArrayStackTest" name="twoEmptyStacks_theyShould_equal" time="0.0" />

      <testcase classname="com.peter.left.interview.dataStructure.stack.ArrayStackTest" name="popEmptyStack_itShould_fail" time="0.009" />

      <testcase classname="com.peter.left.interview.dataStructure.stack.ArrayStackTest" name="twoStacksOneHasMoreElement_theyShould_notEqual" time="0.0" />

      <testcase classname="com.peter.left.interview.dataStructure.stack.ArrayStackTest" name="peakStack_itShould_keepSame" time="0.0" />

      <testcase classname="com.peter.left.interview.dataStructure.stack.ArrayStackTest" name="peakEmptyStack_itShould_fail" time="0.001" />

      <testcase classname="com.peter.left.interview.dataStructure.stack.ArrayStackTest" name="repeatPushMultipleElementThenPop_itShould_getExpectedStack" time="0.0" />

      <testcase classname="com.peter.left.interview.dataStructure.stack.ArrayStackTest" name="singletonStack_isEmptyShould_returnTrue" time="0.0" />

      <testcase classname="com.peter.left.interview.dataStructure.stack.ArrayStackTest" name="pushOneElementThenPop_itShould_getExpectedStack" time="0.0" />

      <testcase classname="com.peter.left.interview.dataStructure.stack.ArrayStackTest" name="popOneElement_itShould_getExpectedStack" time="0.0" />

      <testcase classname="com.peter.left.interview.dataStructure.stack.ArrayStackTest" name="twoStacksWithSameElement_theyShould_equal" time="0.0" />

      <testcase classname="com.peter.left.interview.dataStructure.stack.ArrayStackTest" name="stack_itShould_equalItself" time="0.0" />

      <testcase classname="com.peter.left.interview.dataStructure.stack.ArrayStackTest" name="popAllElements_itShould_getEmptyStack" time="0.001" />

      <testcase classname="com.peter.left.interview.dataStructure.stack.ArrayStackTest" name="pushMultipleElement_itShould_getExpectedStack" time="0.001" />

      <testcase classname="com.peter.left.interview.dataStructure.stack.ArrayStackTest" name="emptyStack_isEmptyShould_returnTrue" time="0.001" />

      <testcase classname="com.peter.left.interview.dataStructure.stack.ArrayStackTest" name="pushOneElementToEmptyStack_itShould_getExpectedStack" time="0.0" />

      <testcase classname="com.peter.left.interview.dataStructure.stack.ArrayStackTest" name="twoStacksWithSameElement_theyShould_haveSameHashCode" time="0.0" />

      <testcase classname="com.peter.left.interview.dataStructure.stack.ArrayStackTest" name="pushMultipleElementThenPop_itShould_getExpectedStack" time="0.0" />

      <testcase classname="com.peter.left.interview.dataStructure.stack.ArrayStackTest" name="stackWithMultipleElements_isEmptyShould_returnTrue" time="0.0" />

      <system-out />

      <system-err />

  </testsuite>
  <testsuite errors="0" failures="0" hostname="left" id="24" name="LinkedListStackTest" package="com.peter.left.interview.dataStructure.stack" skipped="0" tests="20" time="0.174" timestamp="2014-09-02T22:58:21">
      <properties>
[...]
</properties>

      <testcase classname="com.peter.left.interview.dataStructure.stack.LinkedListStackTest" name="multiplePeakStack_itShould_keepSame" time="0.027" />

      <testcase classname="com.peter.left.interview.dataStructure.stack.LinkedListStackTest" name="twoSameSizeStacksOneHasDifferentElement_theyShould_notEqual" time="0.004" />

      <testcase classname="com.peter.left.interview.dataStructure.stack.LinkedListStackTest" name="twoEmptyStacks_theyShould_equal" time="0.001" />

      <testcase classname="com.peter.left.interview.dataStructure.stack.LinkedListStackTest" name="popEmptyStack_itShould_fail" time="0.009" />

      <testcase classname="com.peter.left.interview.dataStructure.stack.LinkedListStackTest" name="twoStacksOneHasMoreElement_theyShould_notEqual" time="0.0" />

      <testcase classname="com.peter.left.interview.dataStructure.stack.LinkedListStackTest" name="peakStack_itShould_keepSame" time="0.001" />

      <testcase classname="com.peter.left.interview.dataStructure.stack.LinkedListStackTest" name="peakEmptyStack_itShould_fail" time="0.001" />

      <testcase classname="com.peter.left.interview.dataStructure.stack.LinkedListStackTest" name="repeatPushMultipleElementThenPop_itShould_getExpectedStack" time="0.001" />

      <testcase classname="com.peter.left.interview.dataStructure.stack.LinkedListStackTest" name="singletonStack_isEmptyShould_returnTrue" time="0.001" />

      <testcase classname="com.peter.left.interview.dataStructure.stack.LinkedListStackTest" name="pushOneElementThenPop_itShould_getExpectedStack" time="0.0" />

      <testcase classname="com.peter.left.interview.dataStructure.stack.LinkedListStackTest" name="popOneElement_itShould_getExpectedStack" time="0.0" />

      <testcase classname="com.peter.left.interview.dataStructure.stack.LinkedListStackTest" name="twoStacksWithSameElement_theyShould_equal" time="0.0" />

      <testcase classname="com.peter.left.interview.dataStructure.stack.LinkedListStackTest" name="stack_itShould_equalItself" time="0.001" />

      <testcase classname="com.peter.left.interview.dataStructure.stack.LinkedListStackTest" name="popAllElements_itShould_getEmptyStack" time="0.001" />

      <testcase classname="com.peter.left.interview.dataStructure.stack.LinkedListStackTest" name="pushMultipleElement_itShould_getExpectedStack" time="0.001" />

      <testcase classname="com.peter.left.interview.dataStructure.stack.LinkedListStackTest" name="emptyStack_isEmptyShould_returnTrue" time="0.005" />

      <testcase classname="com.peter.left.interview.dataStructure.stack.LinkedListStackTest" name="pushOneElementToEmptyStack_itShould_getExpectedStack" time="0.001" />

      <testcase classname="com.peter.left.interview.dataStructure.stack.LinkedListStackTest" name="twoStacksWithSameElement_theyShould_haveSameHashCode" time="0.002" />

      <testcase classname="com.peter.left.interview.dataStructure.stack.LinkedListStackTest" name="pushMultipleElementThenPop_itShould_getExpectedStack" time="0.0" />

      <testcase classname="com.peter.left.interview.dataStructure.stack.LinkedListStackTest" name="stackWithMultipleElements_isEmptyShould_returnTrue" time="0.001" />

      <system-out />

      <system-err />

  </testsuite>
  <testsuite errors="0" failures="0" hostname="left" id="25" name="IterativeInorderTravellerTest" package="com.peter.left.interview.dataStructure.tree" skipped="0" tests="6" time="0.21" timestamp="2014-09-02T22:58:22">
      <properties>
[...]
</properties>

      <testcase classname="com.peter.left.interview.dataStructure.tree.IterativeInorderTravellerTest" name="travelRootOnlyHasLeftChild_itShould_returnSingletonList" time="0.109" />

      <testcase classname="com.peter.left.interview.dataStructure.tree.IterativeInorderTravellerTest" name="travelMultipleLevelTree_itShould_returnSingletonList" time="0.0" />

      <testcase classname="com.peter.left.interview.dataStructure.tree.IterativeInorderTravellerTest" name="travelSingletonTree_itShould_returnSingletonList" time="0.001" />

      <testcase classname="com.peter.left.interview.dataStructure.tree.IterativeInorderTravellerTest" name="travelRootOnlyHasRightChild_itShould_returnSingletonList" time="0.0" />

      <testcase classname="com.peter.left.interview.dataStructure.tree.IterativeInorderTravellerTest" name="travelEmptyTree_itShould_returnEmptyList" time="0.003" />

      <testcase classname="com.peter.left.interview.dataStructure.tree.IterativeInorderTravellerTest" name="travelRootOnlyHasBothChild_itShould_returnSingletonList" time="0.0" />

      <system-out />

      <system-err />

  </testsuite>
  <testsuite errors="0" failures="0" hostname="left" id="26" name="IterativePostorderTravellerTest" package="com.peter.left.interview.dataStructure.tree" skipped="0" tests="9" time="0.219" timestamp="2014-09-02T22:58:22">
      <properties>
[...]
</properties>

      <testcase classname="com.peter.left.interview.dataStructure.tree.IterativePostorderTravellerTest" name="travelRootOnlyHasLeftChild_itShould_returnSingletonList" time="0.113" />

      <testcase classname="com.peter.left.interview.dataStructure.tree.IterativePostorderTravellerTest" name="travelMultipleLevelTree_itShould_returnSingletonList" time="0.0" />

      <testcase classname="com.peter.left.interview.dataStructure.tree.IterativePostorderTravellerTest" name="travelSingletonTree_itShould_returnSingletonList" time="0.001" />

      <testcase classname="com.peter.left.interview.dataStructure.tree.IterativePostorderTravellerTest" name="travelRootOnlyHasRightChild_itShould_returnSingletonList" time="0.001" />

      <testcase classname="com.peter.left.interview.dataStructure.tree.IterativePostorderTravellerTest" name="travelNodesOnlyHasRightChild_itShould_returnSingletonList" time="0.001" />

      <testcase classname="com.peter.left.interview.dataStructure.tree.IterativePostorderTravellerTest" name="travelEmptyTree_itShould_returnEmptyList" time="0.003" />

      <testcase classname="com.peter.left.interview.dataStructure.tree.IterativePostorderTravellerTest" name="travelRootOnlyHasBothChild_itShould_returnSingletonList" time="0.0" />

      <testcase classname="com.peter.left.interview.dataStructure.tree.IterativePostorderTravellerTest" name="travelNodesOnlyHasOneChild_itShould_returnSingletonList" time="0.0" />

      <testcase classname="com.peter.left.interview.dataStructure.tree.IterativePostorderTravellerTest" name="travelNodesOnlyHasLeftChild_itShould_returnSingletonList" time="0.0" />

      <system-out />

      <system-err />

  </testsuite>
  <testsuite errors="0" failures="0" hostname="left" id="27" name="IterativePreorderTravellerTest" package="com.peter.left.interview.dataStructure.tree" skipped="0" tests="6" time="0.212" timestamp="2014-09-02T22:58:23">
      <properties>
[...]
</properties>

      <testcase classname="com.peter.left.interview.dataStructure.tree.IterativePreorderTravellerTest" name="travelRootOnlyHasLeftChild_itShould_returnSingletonList" time="0.106" />

      <testcase classname="com.peter.left.interview.dataStructure.tree.IterativePreorderTravellerTest" name="travelMultipleLevelTree_itShould_returnSingletonList" time="0.0" />

      <testcase classname="com.peter.left.interview.dataStructure.tree.IterativePreorderTravellerTest" name="travelSingletonTree_itShould_returnSingletonList" time="0.001" />

      <testcase classname="com.peter.left.interview.dataStructure.tree.IterativePreorderTravellerTest" name="travelRootOnlyHasRightChild_itShould_returnSingletonList" time="0.001" />

      <testcase classname="com.peter.left.interview.dataStructure.tree.IterativePreorderTravellerTest" name="travelEmptyTree_itShould_returnEmptyList" time="0.003" />

      <testcase classname="com.peter.left.interview.dataStructure.tree.IterativePreorderTravellerTest" name="travelRootOnlyHasBothChild_itShould_returnSingletonList" time="0.0" />

      <system-out />

      <system-err />

  </testsuite>
  <testsuite errors="0" failures="0" hostname="left" id="28" name="RecursionInorderTravellerTest" package="com.peter.left.interview.dataStructure.tree" skipped="0" tests="6" time="0.215" timestamp="2014-09-02T22:58:23">
      <properties>
[...]
</properties>

      <testcase classname="com.peter.left.interview.dataStructure.tree.RecursionInorderTravellerTest" name="travelRootOnlyHasLeftChild_itShould_returnSingletonList" time="0.111" />

      <testcase classname="com.peter.left.interview.dataStructure.tree.RecursionInorderTravellerTest" name="travelMultipleLevelTree_itShould_returnSingletonList" time="0.0" />

      <testcase classname="com.peter.left.interview.dataStructure.tree.RecursionInorderTravellerTest" name="travelSingletonTree_itShould_returnSingletonList" time="0.001" />

      <testcase classname="com.peter.left.interview.dataStructure.tree.RecursionInorderTravellerTest" name="travelRootOnlyHasRightChild_itShould_returnSingletonList" time="0.0" />

      <testcase classname="com.peter.left.interview.dataStructure.tree.RecursionInorderTravellerTest" name="travelEmptyTree_itShould_returnEmptyList" time="0.003" />

      <testcase classname="com.peter.left.interview.dataStructure.tree.RecursionInorderTravellerTest" name="travelRootOnlyHasBothChild_itShould_returnSingletonList" time="0.001" />

      <system-out />

      <system-err />

  </testsuite>
  <testsuite errors="0" failures="0" hostname="left" id="29" name="RecursionPostorderTravellerTest" package="com.peter.left.interview.dataStructure.tree" skipped="0" tests="6" time="0.202" timestamp="2014-09-02T22:58:24">
      <properties>
[...]
</properties>

      <testcase classname="com.peter.left.interview.dataStructure.tree.RecursionPostorderTravellerTest" name="travelRootOnlyHasLeftChild_itShould_returnSingletonList" time="0.1" />

      <testcase classname="com.peter.left.interview.dataStructure.tree.RecursionPostorderTravellerTest" name="travelMultipleLevelTree_itShould_returnSingletonList" time="0.001" />

      <testcase classname="com.peter.left.interview.dataStructure.tree.RecursionPostorderTravellerTest" name="travelSingletonTree_itShould_returnSingletonList" time="0.001" />

      <testcase classname="com.peter.left.interview.dataStructure.tree.RecursionPostorderTravellerTest" name="travelRootOnlyHasRightChild_itShould_returnSingletonList" time="0.0" />

      <testcase classname="com.peter.left.interview.dataStructure.tree.RecursionPostorderTravellerTest" name="travelEmptyTree_itShould_returnEmptyList" time="0.004" />

      <testcase classname="com.peter.left.interview.dataStructure.tree.RecursionPostorderTravellerTest" name="travelRootOnlyHasBothChild_itShould_returnSingletonList" time="0.0" />

      <system-out />

      <system-err />

  </testsuite>
  <testsuite errors="0" failures="0" hostname="left" id="30" name="RecursionPreorderTravellerTest" package="com.peter.left.interview.dataStructure.tree" skipped="0" tests="6" time="0.209" timestamp="2014-09-02T22:58:25">
      <properties>
[...]
</properties>

      <testcase classname="com.peter.left.interview.dataStructure.tree.RecursionPreorderTravellerTest" name="travelRootOnlyHasLeftChild_itShould_returnSingletonList" time="0.104" />

      <testcase classname="com.peter.left.interview.dataStructure.tree.RecursionPreorderTravellerTest" name="travelMultipleLevelTree_itShould_returnSingletonList" time="0.001" />

      <testcase classname="com.peter.left.interview.dataStructure.tree.RecursionPreorderTravellerTest" name="travelSingletonTree_itShould_returnSingletonList" time="0.0" />

      <testcase classname="com.peter.left.interview.dataStructure.tree.RecursionPreorderTravellerTest" name="travelRootOnlyHasRightChild_itShould_returnSingletonList" time="0.0" />

      <testcase classname="com.peter.left.interview.dataStructure.tree.RecursionPreorderTravellerTest" name="travelEmptyTree_itShould_returnEmptyList" time="0.003" />

      <testcase classname="com.peter.left.interview.dataStructure.tree.RecursionPreorderTravellerTest" name="travelRootOnlyHasBothChild_itShould_returnSingletonList" time="0.0" />

      <system-out />

      <system-err />

  </testsuite>
  <testsuite errors="0" failures="0" hostname="left" id="31" name="NodeSumTreeLevelRetrieverTest" package="com.peter.left.interview.treeLevelSum" skipped="0" tests="7" time="0.148" timestamp="2014-09-02T22:58:25">
      <properties>
[...]
</properties>

      <testcase classname="com.peter.left.interview.treeLevelSum.NodeSumTreeLevelRetrieverTest" name="twoLevelBothFit_itShould_retrive01Level" time="0.045" />

      <testcase classname="com.peter.left.interview.treeLevelSum.NodeSumTreeLevelRetrieverTest" name="singletonLevelNotFit_itShould_retriveEmptySet" time="0.002" />

      <testcase classname="com.peter.left.interview.treeLevelSum.NodeSumTreeLevelRetrieverTest" name="emptyTree_itShould_retrieveEmptySet" time="0.0" />

      <testcase classname="com.peter.left.interview.treeLevelSum.NodeSumTreeLevelRetrieverTest" name="twoLevelSecondOneFit_itShould_retrive1Level" time="0.0" />

      <testcase classname="com.peter.left.interview.treeLevelSum.NodeSumTreeLevelRetrieverTest" name="twoLevelFirstOneFit_itShould_retrive0Level" time="0.0" />

      <testcase classname="com.peter.left.interview.treeLevelSum.NodeSumTreeLevelRetrieverTest" name="singletonLevelFit_itShould_retrive0Level" time="0.0" />

      <testcase classname="com.peter.left.interview.treeLevelSum.NodeSumTreeLevelRetrieverTest" name="twoLevelNotFit_itShould_retriveEmptySet" time="0.0" />

      <system-out />

      <system-err />

  </testsuite>
</testsuites>
