<?xml version="1.0" encoding="UTF-8" ?>
<testsuite errors="0" failures="0" hostname="left" name="com.peter.left.interview.dataStructure.list.LinkedListTest" skipped="0" tests="26" time="0.195" timestamp="2014-09-02T22:58:07">
  <properties>
[...]
</properties>
  <testcase classname="com.peter.left.interview.dataStructure.list.LinkedListTest" name="setElementAfterListTail_itShould_Fail" time="0.016" />
  <testcase classname="com.peter.left.interview.dataStructure.list.LinkedListTest" name="iteratorRemoveHeadElements_itShould_getExceptedList" time="0.005" />
  <testcase classname="com.peter.left.interview.dataStructure.list.LinkedListTest" name="iteratorNextAtTail_itShould_Fail" time="0.0" />
  <testcase classname="com.peter.left.interview.dataStructure.list.LinkedListTest" name="getElementAfterListTail_itShould_Fail" time="0.001" />
  <testcase classname="com.peter.left.interview.dataStructure.list.LinkedListTest" name="dupliatedRemoveElementByIteratorAfterOneNext_itShould_Fail" time="0.0" />
  <testcase classname="com.peter.left.interview.dataStructure.list.LinkedListTest" name="getElementBeforeListHead_itShould_Fail" time="0.001" />
  <testcase classname="com.peter.left.interview.dataStructure.list.LinkedListTest" name="getElementFromEmptyList_itShould_Fail" time="0.001" />
  <testcase classname="com.peter.left.interview.dataStructure.list.LinkedListTest" name="removeElementBeforeListHead_itShould_Fail" time="0.0" />
  <testcase classname="com.peter.left.interview.dataStructure.list.LinkedListTest" name="iteratorRemoveTailElements_itShould_getExceptedList" time="0.0" />
  <testcase classname="com.peter.left.interview.dataStructure.list.LinkedListTest" name="iteratorRemoveMultipleElements_itShould_getExceptedList" time="0.0" />
  <testcase classname="com.peter.left.interview.dataStructure.list.LinkedListTest" name="setMultipleElements_itShould_getExceptedList" time="0.001" />
  <testcase classname="com.peter.left.interview.dataStructure.list.LinkedListTest" name="addMultipleElementsToEmptyList_itShould_getExceptedList" time="0.0" />
  <testcase classname="com.peter.left.interview.dataStructure.list.LinkedListTest" name="removeMultipleElements_itShould_getExceptedList" time="0.0" />
  <testcase classname="com.peter.left.interview.dataStructure.list.LinkedListTest" name="iteratorRemoveMiddleElements_itShould_getExceptedList" time="0.0" />
  <testcase classname="com.peter.left.interview.dataStructure.list.LinkedListTest" name="addElementBeforeListHead_itShould_Fail" time="0.001" />
  <testcase classname="com.peter.left.interview.dataStructure.list.LinkedListTest" name="sameIteratorRemoveMultipleElements_itShould_getExceptedList" time="0.015" />
  <testcase classname="com.peter.left.interview.dataStructure.list.LinkedListTest" name="addMutipleElement_itShould_getExceptedList" time="0.0" />
  <testcase classname="com.peter.left.interview.dataStructure.list.LinkedListTest" name="addElementAtHead_itShould_getExceptedList" time="0.0" />
  <testcase classname="com.peter.left.interview.dataStructure.list.LinkedListTest" name="setElementBeforeListHead_itShould_Fail" time="0.0" />
  <testcase classname="com.peter.left.interview.dataStructure.list.LinkedListTest" name="addElementAtTail_itShould_getExceptedList" time="0.0" />
  <testcase classname="com.peter.left.interview.dataStructure.list.LinkedListTest" name="addElementAfterListTail_itShould_Fail" time="0.0" />
  <testcase classname="com.peter.left.interview.dataStructure.list.LinkedListTest" name="removeElementByIteratorBeforeNext_itShould_Fail" time="0.001" />
  <testcase classname="com.peter.left.interview.dataStructure.list.LinkedListTest" name="removeElementAfterListTail_itShould_Fail" time="0.0" />
  <testcase classname="com.peter.left.interview.dataStructure.list.LinkedListTest" name="addElementAtMiddle_itShould_getExceptedList" time="0.0" />
  <testcase classname="com.peter.left.interview.dataStructure.list.LinkedListTest" name="addOneElementToEmptyList_itShould_getOneElementList" time="0.001" />
  <testcase classname="com.peter.left.interview.dataStructure.list.LinkedListTest" name="multipleElements_iteratorShould_actAsStandardList" time="0.018" />
  <system-out><![CDATA[]]></system-out>
  <system-err><![CDATA[]]></system-err>
</testsuite>
