<?xml version="1.0" encoding="UTF-8" ?>
<testsuite errors="0" failures="0" hostname="left" name="com.peter.left.interview.dataStructure.tree.IterativeInorderTravellerTest" skipped="0" tests="6" time="0.21" timestamp="2014-09-02T22:58:22">
  <properties>
[...]
</properties>
  <testcase classname="com.peter.left.interview.dataStructure.tree.IterativeInorderTravellerTest" name="travelRootOnlyHasLeftChild_itShould_returnSingletonList" time="0.109" />
  <testcase classname="com.peter.left.interview.dataStructure.tree.IterativeInorderTravellerTest" name="travelMultipleLevelTree_itShould_returnSingletonList" time="0.0" />
  <testcase classname="com.peter.left.interview.dataStructure.tree.IterativeInorderTravellerTest" name="travelSingletonTree_itShould_returnSingletonList" time="0.001" />
  <testcase classname="com.peter.left.interview.dataStructure.tree.IterativeInorderTravellerTest" name="travelRootOnlyHasRightChild_itShould_returnSingletonList" time="0.0" />
  <testcase classname="com.peter.left.interview.dataStructure.tree.IterativeInorderTravellerTest" name="travelEmptyTree_itShould_returnEmptyList" time="0.003" />
  <testcase classname="com.peter.left.interview.dataStructure.tree.IterativeInorderTravellerTest" name="travelRootOnlyHasBothChild_itShould_returnSingletonList" time="0.0" />
  <system-out><![CDATA[]]></system-out>
  <system-err><![CDATA[]]></system-err>
</testsuite>
